Namespace(alpha=0, arch='d2ve', backbone='resnet101', batch_size=128, data='cub', dist_backend='gloo', dist_url='tcp://224.66.41.62:23456', epoch_decay=30, epochs=90, gcn_k=0, gpu=None, is_fix=True, lr1=0.1, lr2=0.001, momentum=0.9, pretrained=True, print_freq=10, resume='', save_path='./cub/checkpoints/d2ve1', seed=None, start_epoch=0, weight_decay=0.0001, workers=3, world_size=1)
==> random seed: 5181
adj [[1. 0. 0. ... 0. 0. 0.]
 [0. 1. 0. ... 0. 0. 0.]
 [0. 0. 1. ... 0. 0. 0.]
 ...
 [0. 0. 0. ... 1. 0. 0.]
 [0. 0. 0. ... 0. 1. 0.]
 [0. 0. 0. ... 0. 0. 1.]]
=> using pre-trained model 'd2ve'
=> is the backbone fixed: 'True'
Epoch: [0][0/56] loss:L_odr 5.3026 L_zsl 0.5797 L_aux 5.3468
Epoch: [0][10/56] loss:L_odr 4.8548 L_zsl 0.0952 L_aux 4.8678
Epoch: [0][20/56] loss:L_odr 4.3995 L_zsl 0.0973 L_aux 4.7967
Epoch: [0][30/56] loss:L_odr 3.5537 L_zsl 0.1116 L_aux 4.3278
Epoch: [0][40/56] loss:L_odr 3.1817 L_zsl 0.1088 L_aux 4.0869
Epoch: [0][50/56] loss:L_odr 3.0645 L_zsl 0.0970 L_aux 3.8241
 SS: 0.0476 UU: 0.1020 ST: 0.0391 UT: 0.0196 H: 0.0261 S_acc 0.8549 U_acc 0.1375
CLS 0.6363 S_opt: 0.3040 U_opt 0.0946 H_opt 0.1443 tau 0.3466
saving!!!!
Epoch: [1][0/56] loss:L_odr 3.0224 L_zsl 0.1424 L_aux 4.9933
Epoch: [1][10/56] loss:L_odr 1.8579 L_zsl 0.1017 L_aux 3.6147
Epoch: [1][20/56] loss:L_odr 1.6782 L_zsl 0.0880 L_aux 2.9832
Epoch: [1][30/56] loss:L_odr 1.6213 L_zsl 0.0844 L_aux 3.0753
Epoch: [1][40/56] loss:L_odr 1.3611 L_zsl 0.0878 L_aux 2.7936
Epoch: [1][50/56] loss:L_odr 1.1975 L_zsl 0.0984 L_aux 2.6949
 SS: 0.1982 UU: 0.2857 ST: 0.1836 UT: 0.1055 H: 0.1340 S_acc 0.8696 U_acc 0.2514
CLS 0.7134 S_opt: 0.4567 U_opt 0.2202 H_opt 0.2971 tau 0.2497
saving!!!!
Epoch: [2][0/56] loss:L_odr 0.9681 L_zsl 0.1182 L_aux 3.6645
Epoch: [2][10/56] loss:L_odr 1.0066 L_zsl 0.0940 L_aux 2.4563
Epoch: [2][20/56] loss:L_odr 0.9701 L_zsl 0.0930 L_aux 2.5478
Epoch: [2][30/56] loss:L_odr 0.8741 L_zsl 0.0767 L_aux 2.2562
Epoch: [2][40/56] loss:L_odr 1.0072 L_zsl 0.0839 L_aux 2.1291
Epoch: [2][50/56] loss:L_odr 0.7625 L_zsl 0.0835 L_aux 2.0488
 SS: 0.3632 UU: 0.4144 ST: 0.3362 UT: 0.1653 H: 0.2217 S_acc 0.8912 U_acc 0.2926
CLS 0.7454 S_opt: 0.4915 U_opt 0.3192 H_opt 0.3870 tau 0.2497
saving!!!!
Epoch: [3][0/56] loss:L_odr 0.8131 L_zsl 0.0953 L_aux 2.8962
Epoch: [3][10/56] loss:L_odr 0.5111 L_zsl 0.0764 L_aux 1.5985
Epoch: [3][20/56] loss:L_odr 0.7649 L_zsl 0.0824 L_aux 1.6928
Epoch: [3][30/56] loss:L_odr 0.9823 L_zsl 0.0756 L_aux 2.0055
Epoch: [3][40/56] loss:L_odr 0.7717 L_zsl 0.0718 L_aux 1.8330
Epoch: [3][50/56] loss:L_odr 0.6990 L_zsl 0.0715 L_aux 1.7196
 SS: 0.3648 UU: 0.4153 ST: 0.3301 UT: 0.1696 H: 0.2241 S_acc 0.8305 U_acc 0.3475
CLS 0.7812 S_opt: 0.5277 U_opt 0.3402 H_opt 0.4137 tau 0.2497
saving!!!!
Epoch: [4][0/56] loss:L_odr 0.5649 L_zsl 0.0872 L_aux 2.7305
Epoch: [4][10/56] loss:L_odr 0.5937 L_zsl 0.0621 L_aux 1.6091
Epoch: [4][20/56] loss:L_odr 0.4749 L_zsl 0.0601 L_aux 1.6749
Epoch: [4][30/56] loss:L_odr 0.4706 L_zsl 0.0546 L_aux 1.5427
Epoch: [4][40/56] loss:L_odr 0.5733 L_zsl 0.0516 L_aux 1.4146
Epoch: [4][50/56] loss:L_odr 0.6384 L_zsl 0.0516 L_aux 1.4249
 SS: 0.4618 UU: 0.4620 ST: 0.4255 UT: 0.2106 H: 0.2817 S_acc 0.8628 U_acc 0.3674
CLS 0.7439 S_opt: 0.5111 U_opt 0.3808 H_opt 0.4365 tau 0.2497
saving!!!!
Epoch: [5][0/56] loss:L_odr 0.5817 L_zsl 0.0599 L_aux 1.9564
Epoch: [5][10/56] loss:L_odr 0.5319 L_zsl 0.0466 L_aux 1.4102
Epoch: [5][20/56] loss:L_odr 0.3213 L_zsl 0.0408 L_aux 1.2192
Epoch: [5][30/56] loss:L_odr 0.6984 L_zsl 0.0446 L_aux 1.6613
Epoch: [5][40/56] loss:L_odr 0.4980 L_zsl 0.0390 L_aux 1.4710
Epoch: [5][50/56] loss:L_odr 0.4502 L_zsl 0.0370 L_aux 1.2719
 SS: 0.5061 UU: 0.5065 ST: 0.4675 UT: 0.2230 H: 0.3019 S_acc 0.8855 U_acc 0.3603
CLS 0.7505 S_opt: 0.5281 U_opt 0.4011 H_opt 0.4559 tau 0.2497
saving!!!!
Epoch: [6][0/56] loss:L_odr 0.4586 L_zsl 0.0367 L_aux 1.6485
Epoch: [6][10/56] loss:L_odr 0.4869 L_zsl 0.0369 L_aux 1.3583
Epoch: [6][20/56] loss:L_odr 0.4842 L_zsl 0.0356 L_aux 1.5107
Epoch: [6][30/56] loss:L_odr 0.3887 L_zsl 0.0356 L_aux 1.1760
Epoch: [6][40/56] loss:L_odr 0.5156 L_zsl 0.0314 L_aux 1.3868
Epoch: [6][50/56] loss:L_odr 0.7740 L_zsl 0.0342 L_aux 1.7826
 SS: 0.5416 UU: 0.5415 ST: 0.5130 UT: 0.2402 H: 0.3272 S_acc 0.9002 U_acc 0.3714
CLS 0.7845 S_opt: 0.5549 U_opt 0.4173 H_opt 0.4764 tau 0.2497
saving!!!!
Epoch: [7][0/56] loss:L_odr 0.3537 L_zsl 0.0373 L_aux 1.5242
Epoch: [7][10/56] loss:L_odr 0.4926 L_zsl 0.0321 L_aux 1.3844
Epoch: [7][20/56] loss:L_odr 0.5885 L_zsl 0.0335 L_aux 1.3862
Epoch: [7][30/56] loss:L_odr 0.3052 L_zsl 0.0287 L_aux 1.4261
Epoch: [7][40/56] loss:L_odr 0.3249 L_zsl 0.0286 L_aux 1.0944
Epoch: [7][50/56] loss:L_odr 0.4982 L_zsl 0.0283 L_aux 1.2101
 SS: 0.4995 UU: 0.5096 ST: 0.4630 UT: 0.2233 H: 0.3012 S_acc 0.8759 U_acc 0.3509
CLS 0.7744 S_opt: 0.5403 U_opt 0.4095 H_opt 0.4659 tau 0.2497
Epoch: [8][0/56] loss:L_odr 0.4359 L_zsl 0.0316 L_aux 2.2281
Epoch: [8][10/56] loss:L_odr 0.5729 L_zsl 0.0263 L_aux 1.0832
Epoch: [8][20/56] loss:L_odr 0.6397 L_zsl 0.0286 L_aux 1.2085
Epoch: [8][30/56] loss:L_odr 0.3366 L_zsl 0.0263 L_aux 1.1529
Epoch: [8][40/56] loss:L_odr 0.4391 L_zsl 0.0254 L_aux 1.2645
Epoch: [8][50/56] loss:L_odr 0.3543 L_zsl 0.0252 L_aux 1.1165
 SS: 0.4848 UU: 0.4831 ST: 0.4477 UT: 0.2083 H: 0.2843 S_acc 0.8832 U_acc 0.3539
CLS 0.7804 S_opt: 0.5004 U_opt 0.3996 H_opt 0.4443 tau 0.1785
Epoch: [9][0/56] loss:L_odr 0.3245 L_zsl 0.0306 L_aux 1.4515
Epoch: [9][10/56] loss:L_odr 0.4966 L_zsl 0.0259 L_aux 1.0154
Epoch: [9][20/56] loss:L_odr 0.2439 L_zsl 0.0219 L_aux 0.9551
Epoch: [9][30/56] loss:L_odr 0.5935 L_zsl 0.0274 L_aux 1.2834
Epoch: [9][40/56] loss:L_odr 0.3624 L_zsl 0.0231 L_aux 1.2712
Epoch: [9][50/56] loss:L_odr 0.3221 L_zsl 0.0224 L_aux 1.1768
 SS: 0.5339 UU: 0.5342 ST: 0.4994 UT: 0.2178 H: 0.3033 S_acc 0.9104 U_acc 0.3323
CLS 0.7781 S_opt: 0.5661 U_opt 0.4089 H_opt 0.4748 tau 0.2497
Epoch: [10][0/56] loss:L_odr 0.3682 L_zsl 0.0277 L_aux 1.7742
Epoch: [10][10/56] loss:L_odr 0.2683 L_zsl 0.0215 L_aux 0.9834
Epoch: [10][20/56] loss:L_odr 0.4621 L_zsl 0.0230 L_aux 1.1104
Epoch: [10][30/56] loss:L_odr 0.3960 L_zsl 0.0227 L_aux 1.0090
Epoch: [10][40/56] loss:L_odr 0.3964 L_zsl 0.0226 L_aux 0.8782
Epoch: [10][50/56] loss:L_odr 0.3477 L_zsl 0.0224 L_aux 0.9008
 SS: 0.5227 UU: 0.5061 ST: 0.4919 UT: 0.2173 H: 0.3015 S_acc 0.8957 U_acc 0.3519
CLS 0.7707 S_opt: 0.4911 U_opt 0.4043 H_opt 0.4435 tau 0.1785
Epoch: [11][0/56] loss:L_odr 0.4071 L_zsl 0.0283 L_aux 1.8177
Epoch: [11][10/56] loss:L_odr 0.4138 L_zsl 0.0211 L_aux 1.0298
Epoch: [11][20/56] loss:L_odr 0.2838 L_zsl 0.0207 L_aux 0.9215
Epoch: [11][30/56] loss:L_odr 0.2301 L_zsl 0.0214 L_aux 0.7851
Epoch: [11][40/56] loss:L_odr 0.5537 L_zsl 0.0217 L_aux 1.0110
Epoch: [11][50/56] loss:L_odr 0.3124 L_zsl 0.0193 L_aux 0.9183
 SS: 0.5467 UU: 0.5275 ST: 0.5075 UT: 0.2529 H: 0.3376 S_acc 0.8702 U_acc 0.4230
CLS 0.7675 S_opt: 0.4856 U_opt 0.4395 H_opt 0.4614 tau 0.1785
Epoch: [12][0/56] loss:L_odr 0.2410 L_zsl 0.0248 L_aux 1.3711
Epoch: [12][10/56] loss:L_odr 0.3459 L_zsl 0.0182 L_aux 0.9481
Epoch: [12][20/56] loss:L_odr 0.3862 L_zsl 0.0206 L_aux 0.9509
Epoch: [12][30/56] loss:L_odr 0.2589 L_zsl 0.0196 L_aux 0.9308
Epoch: [12][40/56] loss:L_odr 0.5169 L_zsl 0.0222 L_aux 1.0764
Epoch: [12][50/56] loss:L_odr 0.6353 L_zsl 0.0213 L_aux 1.2242
 SS: 0.5328 UU: 0.5278 ST: 0.5049 UT: 0.2412 H: 0.3265 S_acc 0.9082 U_acc 0.3846
CLS 0.7840 S_opt: 0.5817 U_opt 0.4061 H_opt 0.4783 tau 0.2497
saving!!!!
Epoch: [13][0/56] loss:L_odr 0.2787 L_zsl 0.0231 L_aux 1.2957
Epoch: [13][10/56] loss:L_odr 0.5190 L_zsl 0.0196 L_aux 1.0525
Epoch: [13][20/56] loss:L_odr 0.2460 L_zsl 0.0170 L_aux 0.7181
Epoch: [13][30/56] loss:L_odr 0.3293 L_zsl 0.0197 L_aux 0.8886
Epoch: [13][40/56] loss:L_odr 0.4102 L_zsl 0.0206 L_aux 0.8946
Epoch: [13][50/56] loss:L_odr 0.5053 L_zsl 0.0190 L_aux 1.1802
 SS: 0.5856 UU: 0.5574 ST: 0.5380 UT: 0.2727 H: 0.3619 S_acc 0.8798 U_acc 0.4044
CLS 0.7799 S_opt: 0.5989 U_opt 0.4247 H_opt 0.4970 tau 0.2497
saving!!!!
Epoch: [14][0/56] loss:L_odr 0.3828 L_zsl 0.0213 L_aux 1.5264
Epoch: [14][10/56] loss:L_odr 0.3947 L_zsl 0.0180 L_aux 1.0491
Epoch: [14][20/56] loss:L_odr 0.2912 L_zsl 0.0166 L_aux 0.7497
Epoch: [14][30/56] loss:L_odr 0.3364 L_zsl 0.0166 L_aux 0.8450
Epoch: [14][40/56] loss:L_odr 0.2481 L_zsl 0.0182 L_aux 0.6419
Epoch: [14][50/56] loss:L_odr 0.3473 L_zsl 0.0180 L_aux 0.9084
 SS: 0.5562 UU: 0.5567 ST: 0.5143 UT: 0.2807 H: 0.3632 S_acc 0.8747 U_acc 0.4183
CLS 0.7673 S_opt: 0.5629 U_opt 0.4241 H_opt 0.4837 tau 0.2497
Epoch: [15][0/56] loss:L_odr 0.3313 L_zsl 0.0222 L_aux 1.3380
Epoch: [15][10/56] loss:L_odr 0.3501 L_zsl 0.0178 L_aux 0.9505
Epoch: [15][20/56] loss:L_odr 0.3026 L_zsl 0.0168 L_aux 0.8159
Epoch: [15][30/56] loss:L_odr 0.2917 L_zsl 0.0160 L_aux 0.8323
Epoch: [15][40/56] loss:L_odr 0.4858 L_zsl 0.0191 L_aux 1.0075
Epoch: [15][50/56] loss:L_odr 0.3653 L_zsl 0.0160 L_aux 0.8040
 SS: 0.5557 UU: 0.5221 ST: 0.5158 UT: 0.2726 H: 0.3567 S_acc 0.8588 U_acc 0.4348
CLS 0.7530 S_opt: 0.4861 U_opt 0.4303 H_opt 0.4565 tau 0.1785
Epoch: [16][0/56] loss:L_odr 0.3917 L_zsl 0.0201 L_aux 1.0456
Epoch: [16][10/56] loss:L_odr 0.3563 L_zsl 0.0167 L_aux 0.8935
Epoch: [16][20/56] loss:L_odr 0.3533 L_zsl 0.0173 L_aux 0.7978
Epoch: [16][30/56] loss:L_odr 0.2490 L_zsl 0.0173 L_aux 0.8328
Epoch: [16][40/56] loss:L_odr 0.3913 L_zsl 0.0169 L_aux 0.8910
Epoch: [16][50/56] loss:L_odr 0.1812 L_zsl 0.0174 L_aux 0.8969
 SS: 0.5518 UU: 0.5271 ST: 0.5081 UT: 0.2492 H: 0.3344 S_acc 0.8810 U_acc 0.3937
CLS 0.7829 S_opt: 0.5170 U_opt 0.4313 H_opt 0.4703 tau 0.1785
Epoch: [17][0/56] loss:L_odr 0.3704 L_zsl 0.0208 L_aux 1.1825
Epoch: [17][10/56] loss:L_odr 0.4066 L_zsl 0.0161 L_aux 0.8757
Epoch: [17][20/56] loss:L_odr 0.1724 L_zsl 0.0163 L_aux 0.7213
Epoch: [17][30/56] loss:L_odr 0.3875 L_zsl 0.0190 L_aux 0.9170
Epoch: [17][40/56] loss:L_odr 0.2572 L_zsl 0.0163 L_aux 0.7680
Epoch: [17][50/56] loss:L_odr 0.2447 L_zsl 0.0151 L_aux 0.9624
 SS: 0.5006 UU: 0.4711 ST: 0.4645 UT: 0.2238 H: 0.3021 S_acc 0.8356 U_acc 0.4173
CLS 0.7836 S_opt: 0.5022 U_opt 0.4081 H_opt 0.4503 tau 0.1785
Epoch: [18][0/56] loss:L_odr 0.3493 L_zsl 0.0239 L_aux 2.7877
Epoch: [18][10/56] loss:L_odr 0.2990 L_zsl 0.0172 L_aux 0.8324
Epoch: [18][20/56] loss:L_odr 0.2704 L_zsl 0.0173 L_aux 0.7265
Epoch: [18][30/56] loss:L_odr 0.3465 L_zsl 0.0177 L_aux 0.8581
Epoch: [18][40/56] loss:L_odr 0.4586 L_zsl 0.0172 L_aux 0.9257
Epoch: [18][50/56] loss:L_odr 0.2092 L_zsl 0.0166 L_aux 0.6519
 SS: 0.5910 UU: 0.5943 ST: 0.5480 UT: 0.3260 H: 0.4088 S_acc 0.8895 U_acc 0.4641
CLS 0.7877 S_opt: 0.5743 U_opt 0.4373 H_opt 0.4965 tau 0.2497
Epoch: [19][0/56] loss:L_odr 0.2819 L_zsl 0.0212 L_aux 1.3098
Epoch: [19][10/56] loss:L_odr 0.4006 L_zsl 0.0176 L_aux 0.8999
Epoch: [19][20/56] loss:L_odr 0.3322 L_zsl 0.0165 L_aux 0.7174
Epoch: [19][30/56] loss:L_odr 0.3231 L_zsl 0.0157 L_aux 0.8980
Epoch: [19][40/56] loss:L_odr 0.4032 L_zsl 0.0170 L_aux 0.9853
Epoch: [19][50/56] loss:L_odr 0.1962 L_zsl 0.0148 L_aux 0.5902
 SS: 0.5570 UU: 0.5175 ST: 0.5247 UT: 0.2299 H: 0.3197 S_acc 0.8985 U_acc 0.3478
CLS 0.7890 S_opt: 0.5204 U_opt 0.4210 H_opt 0.4654 tau 0.1785
Epoch: [20][0/56] loss:L_odr 0.2980 L_zsl 0.0182 L_aux 0.7993
Epoch: [20][10/56] loss:L_odr 0.1666 L_zsl 0.0136 L_aux 0.6002
Epoch: [20][20/56] loss:L_odr 0.2993 L_zsl 0.0156 L_aux 0.8262
Epoch: [20][30/56] loss:L_odr 0.1595 L_zsl 0.0158 L_aux 0.7527
Epoch: [20][40/56] loss:L_odr 0.4272 L_zsl 0.0160 L_aux 0.8976
Epoch: [20][50/56] loss:L_odr 0.3985 L_zsl 0.0161 L_aux 0.8788
 SS: 0.5733 UU: 0.5651 ST: 0.5343 UT: 0.2771 H: 0.3649 S_acc 0.8974 U_acc 0.3920
CLS 0.7678 S_opt: 0.5738 U_opt 0.4459 H_opt 0.5018 tau 0.2497
saving!!!!
Epoch: [21][0/56] loss:L_odr 0.3010 L_zsl 0.0181 L_aux 1.1249
Epoch: [21][10/56] loss:L_odr 0.3158 L_zsl 0.0151 L_aux 0.8078
Epoch: [21][20/56] loss:L_odr 0.2739 L_zsl 0.0168 L_aux 0.6747
Epoch: [21][30/56] loss:L_odr 0.2166 L_zsl 0.0153 L_aux 0.6959
Epoch: [21][40/56] loss:L_odr 0.2133 L_zsl 0.0150 L_aux 0.8378
Epoch: [21][50/56] loss:L_odr 0.2550 L_zsl 0.0148 L_aux 0.6943
 SS: 0.5779 UU: 0.5624 ST: 0.5368 UT: 0.2800 H: 0.3680 S_acc 0.8929 U_acc 0.4291
CLS 0.7786 S_opt: 0.5581 U_opt 0.4545 H_opt 0.5010 tau 0.2497
Epoch: [22][0/56] loss:L_odr 0.2358 L_zsl 0.0155 L_aux 1.1123
Epoch: [22][10/56] loss:L_odr 0.2092 L_zsl 0.0151 L_aux 0.6146
Epoch: [22][20/56] loss:L_odr 0.1688 L_zsl 0.0150 L_aux 0.5021
Epoch: [22][30/56] loss:L_odr 0.2115 L_zsl 0.0147 L_aux 0.6642
Epoch: [22][40/56] loss:L_odr 0.4235 L_zsl 0.0163 L_aux 0.9674
Epoch: [22][50/56] loss:L_odr 0.3136 L_zsl 0.0143 L_aux 0.8134
 SS: 0.6096 UU: 0.5598 ST: 0.5673 UT: 0.2792 H: 0.3742 S_acc 0.8957 U_acc 0.4257
CLS 0.7691 S_opt: 0.5163 U_opt 0.4519 H_opt 0.4820 tau 0.1785
Epoch: [23][0/56] loss:L_odr 0.1409 L_zsl 0.0172 L_aux 0.6536
Epoch: [23][10/56] loss:L_odr 0.2368 L_zsl 0.0143 L_aux 0.6817
Epoch: [23][20/56] loss:L_odr 0.3439 L_zsl 0.0151 L_aux 0.8353
Epoch: [23][30/56] loss:L_odr 0.3927 L_zsl 0.0147 L_aux 0.7928
Epoch: [23][40/56] loss:L_odr 0.2271 L_zsl 0.0140 L_aux 0.6551
Epoch: [23][50/56] loss:L_odr 0.1960 L_zsl 0.0129 L_aux 0.7654
 SS: 0.5169 UU: 0.4659 ST: 0.4952 UT: 0.1292 H: 0.2049 S_acc 0.9297 U_acc 0.2353
CLS 0.8000 S_opt: 0.5175 U_opt 0.3850 H_opt 0.4415 tau 0.1785
Epoch: [24][0/56] loss:L_odr 0.3437 L_zsl 0.0193 L_aux 1.1379
Epoch: [24][10/56] loss:L_odr 0.2908 L_zsl 0.0145 L_aux 0.6941
Epoch: [24][20/56] loss:L_odr 0.1922 L_zsl 0.0138 L_aux 0.5375
Epoch: [24][30/56] loss:L_odr 0.2611 L_zsl 0.0159 L_aux 0.7186
Epoch: [24][40/56] loss:L_odr 0.2732 L_zsl 0.0149 L_aux 0.6423
Epoch: [24][50/56] loss:L_odr 0.3685 L_zsl 0.0147 L_aux 0.7031
 SS: 0.5952 UU: 0.5851 ST: 0.5555 UT: 0.3045 H: 0.3933 S_acc 0.8878 U_acc 0.4382
CLS 0.7543 S_opt: 0.5067 U_opt 0.4651 H_opt 0.4850 tau 0.1785
Epoch: [25][0/56] loss:L_odr 0.1299 L_zsl 0.0149 L_aux 0.7237
Epoch: [25][10/56] loss:L_odr 0.1761 L_zsl 0.0139 L_aux 0.6037
Epoch: [25][20/56] loss:L_odr 0.2344 L_zsl 0.0144 L_aux 0.6341
Epoch: [25][30/56] loss:L_odr 0.2214 L_zsl 0.0146 L_aux 0.4813
Epoch: [25][40/56] loss:L_odr 0.2064 L_zsl 0.0141 L_aux 0.7556
Epoch: [25][50/56] loss:L_odr 0.3308 L_zsl 0.0139 L_aux 0.8962
 SS: 0.5661 UU: 0.5264 ST: 0.5297 UT: 0.2363 H: 0.3268 S_acc 0.8968 U_acc 0.3910
CLS 0.7959 S_opt: 0.5290 U_opt 0.4283 H_opt 0.4733 tau 0.1785
Epoch: [26][0/56] loss:L_odr 0.3184 L_zsl 0.0166 L_aux 0.9551
Epoch: [26][10/56] loss:L_odr 0.2806 L_zsl 0.0147 L_aux 0.7723
Epoch: [26][20/56] loss:L_odr 0.3268 L_zsl 0.0140 L_aux 0.7985
Epoch: [26][30/56] loss:L_odr 0.1288 L_zsl 0.0130 L_aux 0.5796
Epoch: [26][40/56] loss:L_odr 0.4238 L_zsl 0.0131 L_aux 0.8525
Epoch: [26][50/56] loss:L_odr 0.3404 L_zsl 0.0144 L_aux 0.7590
 SS: 0.5775 UU: 0.5467 ST: 0.5358 UT: 0.2434 H: 0.3348 S_acc 0.8980 U_acc 0.3765
CLS 0.7781 S_opt: 0.5779 U_opt 0.4036 H_opt 0.4753 tau 0.2497
Epoch: [27][0/56] loss:L_odr 0.3832 L_zsl 0.0168 L_aux 1.0013
Epoch: [27][10/56] loss:L_odr 0.3219 L_zsl 0.0140 L_aux 0.6312
Epoch: [27][20/56] loss:L_odr 0.3524 L_zsl 0.0136 L_aux 0.7782
Epoch: [27][30/56] loss:L_odr 0.1988 L_zsl 0.0132 L_aux 0.6653
Epoch: [27][40/56] loss:L_odr 0.1779 L_zsl 0.0127 L_aux 0.6831
Epoch: [27][50/56] loss:L_odr 0.2333 L_zsl 0.0134 L_aux 0.6972
 SS: 0.5487 UU: 0.5205 ST: 0.5098 UT: 0.2694 H: 0.3525 S_acc 0.8798 U_acc 0.4166
CLS 0.7727 S_opt: 0.4977 U_opt 0.3943 H_opt 0.4400 tau 0.1785
Epoch: [28][0/56] loss:L_odr 0.2251 L_zsl 0.0169 L_aux 0.7991
Epoch: [28][10/56] loss:L_odr 0.2485 L_zsl 0.0132 L_aux 0.5948
Epoch: [28][20/56] loss:L_odr 0.2536 L_zsl 0.0136 L_aux 0.5420
Epoch: [28][30/56] loss:L_odr 0.1758 L_zsl 0.0131 L_aux 0.5313
Epoch: [28][40/56] loss:L_odr 0.2349 L_zsl 0.0133 L_aux 0.6387
Epoch: [28][50/56] loss:L_odr 0.0917 L_zsl 0.0115 L_aux 0.4536
 SS: 0.5842 UU: 0.5685 ST: 0.5541 UT: 0.2879 H: 0.3789 S_acc 0.8934 U_acc 0.4216
CLS 0.7716 S_opt: 0.5469 U_opt 0.4140 H_opt 0.4712 tau 0.2497
Epoch: [29][0/56] loss:L_odr 0.1760 L_zsl 0.0145 L_aux 0.7215
Epoch: [29][10/56] loss:L_odr 0.2351 L_zsl 0.0133 L_aux 0.5205
Epoch: [29][20/56] loss:L_odr 0.2745 L_zsl 0.0138 L_aux 0.7390
Epoch: [29][30/56] loss:L_odr 0.1830 L_zsl 0.0134 L_aux 0.6809
Epoch: [29][40/56] loss:L_odr 0.2895 L_zsl 0.0128 L_aux 0.6623
Epoch: [29][50/56] loss:L_odr 0.1222 L_zsl 0.0121 L_aux 0.5798
 SS: 0.6022 UU: 0.5458 ST: 0.5553 UT: 0.3031 H: 0.3922 S_acc 0.8730 U_acc 0.4644
CLS 0.7812 S_opt: 0.5143 U_opt 0.4404 H_opt 0.4745 tau 0.1785
Epoch: [30][0/56] loss:L_odr 0.0876 L_zsl 0.0145 L_aux 0.7063
Epoch: [30][10/56] loss:L_odr 0.0973 L_zsl 0.0116 L_aux 0.4605
Epoch: [30][20/56] loss:L_odr 0.1029 L_zsl 0.0125 L_aux 0.4326
Epoch: [30][30/56] loss:L_odr 0.0954 L_zsl 0.0120 L_aux 0.4252
Epoch: [30][40/56] loss:L_odr 0.1681 L_zsl 0.0125 L_aux 0.4488
Epoch: [30][50/56] loss:L_odr 0.1938 L_zsl 0.0115 L_aux 0.5144
 SS: 0.6637 UU: 0.6124 ST: 0.6178 UT: 0.3288 H: 0.4292 S_acc 0.8917 U_acc 0.4739
CLS 0.8356 S_opt: 0.5627 U_opt 0.5155 H_opt 0.5380 tau 0.1785
saving!!!!
Epoch: [31][0/56] loss:L_odr 0.1135 L_zsl 0.0119 L_aux 0.5157
Epoch: [31][10/56] loss:L_odr 0.2409 L_zsl 0.0123 L_aux 0.5134
Epoch: [31][20/56] loss:L_odr 0.1691 L_zsl 0.0124 L_aux 0.6214
Epoch: [31][30/56] loss:L_odr 0.1271 L_zsl 0.0128 L_aux 0.4652
Epoch: [31][40/56] loss:L_odr 0.1203 L_zsl 0.0121 L_aux 0.4836
Epoch: [31][50/56] loss:L_odr 0.1400 L_zsl 0.0125 L_aux 0.5297
 SS: 0.6682 UU: 0.6236 ST: 0.6246 UT: 0.3275 H: 0.4297 S_acc 0.8951 U_acc 0.4580
CLS 0.8404 S_opt: 0.5715 U_opt 0.5221 H_opt 0.5457 tau 0.1785
saving!!!!
Epoch: [32][0/56] loss:L_odr 0.2098 L_zsl 0.0116 L_aux 0.6490
Epoch: [32][10/56] loss:L_odr 0.1848 L_zsl 0.0119 L_aux 0.4945
Epoch: [32][20/56] loss:L_odr 0.2133 L_zsl 0.0121 L_aux 0.6236
Epoch: [32][30/56] loss:L_odr 0.1440 L_zsl 0.0115 L_aux 0.4443
Epoch: [32][40/56] loss:L_odr 0.2475 L_zsl 0.0123 L_aux 0.5241
Epoch: [32][50/56] loss:L_odr 0.1144 L_zsl 0.0125 L_aux 0.5167
 SS: 0.6570 UU: 0.6169 ST: 0.6188 UT: 0.3219 H: 0.4235 S_acc 0.8957 U_acc 0.4547
CLS 0.8352 S_opt: 0.5778 U_opt 0.5162 H_opt 0.5453 tau 0.1785
Epoch: [33][0/56] loss:L_odr 0.1098 L_zsl 0.0130 L_aux 0.4274
Epoch: [33][10/56] loss:L_odr 0.2049 L_zsl 0.0130 L_aux 0.5164
Epoch: [33][20/56] loss:L_odr 0.0441 L_zsl 0.0114 L_aux 0.3329
Epoch: [33][30/56] loss:L_odr 0.1778 L_zsl 0.0133 L_aux 0.5247
Epoch: [33][40/56] loss:L_odr 0.1174 L_zsl 0.0114 L_aux 0.4127
Epoch: [33][50/56] loss:L_odr 0.1230 L_zsl 0.0117 L_aux 0.4406
 SS: 0.6627 UU: 0.6163 ST: 0.6251 UT: 0.3214 H: 0.4245 S_acc 0.8985 U_acc 0.4506
CLS 0.8350 S_opt: 0.5722 U_opt 0.5212 H_opt 0.5455 tau 0.1785
Epoch: [34][0/56] loss:L_odr 0.0976 L_zsl 0.0114 L_aux 0.5088
Epoch: [34][10/56] loss:L_odr 0.1095 L_zsl 0.0122 L_aux 0.3993
Epoch: [34][20/56] loss:L_odr 0.2169 L_zsl 0.0128 L_aux 0.5023
Epoch: [34][30/56] loss:L_odr 0.0753 L_zsl 0.0117 L_aux 0.4201
Epoch: [34][40/56] loss:L_odr 0.1095 L_zsl 0.0120 L_aux 0.4364
Epoch: [34][50/56] loss:L_odr 0.2017 L_zsl 0.0117 L_aux 0.5699
 SS: 0.6695 UU: 0.6204 ST: 0.6306 UT: 0.3316 H: 0.4346 S_acc 0.8974 U_acc 0.4611
CLS 0.8362 S_opt: 0.5786 U_opt 0.5121 H_opt 0.5433 tau 0.1785
Epoch: [35][0/56] loss:L_odr 0.1649 L_zsl 0.0120 L_aux 0.5800
Epoch: [35][10/56] loss:L_odr 0.2167 L_zsl 0.0117 L_aux 0.5064
Epoch: [35][20/56] loss:L_odr 0.1323 L_zsl 0.0121 L_aux 0.4443
Epoch: [35][30/56] loss:L_odr 0.2254 L_zsl 0.0120 L_aux 0.5560
Epoch: [35][40/56] loss:L_odr 0.0855 L_zsl 0.0116 L_aux 0.3678
Epoch: [35][50/56] loss:L_odr 0.1599 L_zsl 0.0110 L_aux 0.5499
 SS: 0.6669 UU: 0.6210 ST: 0.6236 UT: 0.3218 H: 0.4246 S_acc 0.8929 U_acc 0.4503
CLS 0.8386 S_opt: 0.5818 U_opt 0.5112 H_opt 0.5442 tau 0.1785
Epoch: [36][0/56] loss:L_odr 0.1801 L_zsl 0.0118 L_aux 0.5148
Epoch: [36][10/56] loss:L_odr 0.1714 L_zsl 0.0119 L_aux 0.4853
Epoch: [36][20/56] loss:L_odr 0.0945 L_zsl 0.0118 L_aux 0.5798
Epoch: [36][30/56] loss:L_odr 0.1681 L_zsl 0.0124 L_aux 0.5082
Epoch: [36][40/56] loss:L_odr 0.3206 L_zsl 0.0122 L_aux 0.7844
Epoch: [36][50/56] loss:L_odr 0.1575 L_zsl 0.0121 L_aux 0.4493
 SS: 0.6641 UU: 0.6155 ST: 0.6173 UT: 0.3198 H: 0.4213 S_acc 0.8951 U_acc 0.4489
CLS 0.8337 S_opt: 0.5883 U_opt 0.5020 H_opt 0.5417 tau 0.1785
Epoch: [37][0/56] loss:L_odr 0.0361 L_zsl 0.0106 L_aux 0.3126
Epoch: [37][10/56] loss:L_odr 0.0895 L_zsl 0.0105 L_aux 0.3309
Epoch: [37][20/56] loss:L_odr 0.1444 L_zsl 0.0121 L_aux 0.4654
Epoch: [37][30/56] loss:L_odr 0.1415 L_zsl 0.0112 L_aux 0.4280
Epoch: [37][40/56] loss:L_odr 0.2737 L_zsl 0.0112 L_aux 0.6218
Epoch: [37][50/56] loss:L_odr 0.1556 L_zsl 0.0113 L_aux 0.4458
 SS: 0.6634 UU: 0.6187 ST: 0.6233 UT: 0.3166 H: 0.4199 S_acc 0.8980 U_acc 0.4388
CLS 0.8319 S_opt: 0.5916 U_opt 0.5126 H_opt 0.5493 tau 0.1785
saving!!!!
Epoch: [38][0/56] loss:L_odr 0.1040 L_zsl 0.0107 L_aux 0.2934
Epoch: [38][10/56] loss:L_odr 0.2645 L_zsl 0.0121 L_aux 0.7352
Epoch: [38][20/56] loss:L_odr 0.1169 L_zsl 0.0109 L_aux 0.3808
Epoch: [38][30/56] loss:L_odr 0.2319 L_zsl 0.0111 L_aux 0.6185
Epoch: [38][40/56] loss:L_odr 0.1492 L_zsl 0.0109 L_aux 0.4015
Epoch: [38][50/56] loss:L_odr 0.1315 L_zsl 0.0113 L_aux 0.4097
 SS: 0.6571 UU: 0.6059 ST: 0.6156 UT: 0.3122 H: 0.4143 S_acc 0.9036 U_acc 0.4328
CLS 0.8389 S_opt: 0.5958 U_opt 0.4900 H_opt 0.5378 tau 0.1785
Epoch: [39][0/56] loss:L_odr 0.1802 L_zsl 0.0110 L_aux 0.4610
Epoch: [39][10/56] loss:L_odr 0.0851 L_zsl 0.0098 L_aux 0.2982
Epoch: [39][20/56] loss:L_odr 0.0620 L_zsl 0.0108 L_aux 0.4292
Epoch: [39][30/56] loss:L_odr 0.1550 L_zsl 0.0104 L_aux 0.5734
Epoch: [39][40/56] loss:L_odr 0.1584 L_zsl 0.0109 L_aux 0.4849
Epoch: [39][50/56] loss:L_odr 0.2250 L_zsl 0.0116 L_aux 0.7893
 SS: 0.6649 UU: 0.6174 ST: 0.6167 UT: 0.3166 H: 0.4184 S_acc 0.8929 U_acc 0.4442
CLS 0.8265 S_opt: 0.6001 U_opt 0.4903 H_opt 0.5397 tau 0.1785
Epoch: [40][0/56] loss:L_odr 0.1549 L_zsl 0.0103 L_aux 0.4480
Epoch: [40][10/56] loss:L_odr 0.0792 L_zsl 0.0098 L_aux 0.5058
Epoch: [40][20/56] loss:L_odr 0.1800 L_zsl 0.0097 L_aux 0.4761
Epoch: [40][30/56] loss:L_odr 0.1427 L_zsl 0.0104 L_aux 0.4638
Epoch: [40][40/56] loss:L_odr 0.0810 L_zsl 0.0102 L_aux 0.5057
Epoch: [40][50/56] loss:L_odr 0.1879 L_zsl 0.0109 L_aux 0.5646
 SS: 0.6679 UU: 0.6129 ST: 0.6236 UT: 0.3159 H: 0.4194 S_acc 0.8963 U_acc 0.4412
CLS 0.8298 S_opt: 0.6048 U_opt 0.4952 H_opt 0.5446 tau 0.1785
Epoch: [41][0/56] loss:L_odr 0.1485 L_zsl 0.0104 L_aux 0.4629
Epoch: [41][10/56] loss:L_odr 0.1396 L_zsl 0.0106 L_aux 0.4381
Epoch: [41][20/56] loss:L_odr 0.0953 L_zsl 0.0100 L_aux 0.4927
Epoch: [41][30/56] loss:L_odr 0.1955 L_zsl 0.0104 L_aux 0.5215
Epoch: [41][40/56] loss:L_odr 0.2922 L_zsl 0.0113 L_aux 0.7046
Epoch: [41][50/56] loss:L_odr 0.1104 L_zsl 0.0098 L_aux 0.4034
 SS: 0.6689 UU: 0.6193 ST: 0.6226 UT: 0.3250 H: 0.4271 S_acc 0.8946 U_acc 0.4523
CLS 0.8264 S_opt: 0.6019 U_opt 0.5030 H_opt 0.5480 tau 0.1785
Epoch: [42][0/56] loss:L_odr 0.3058 L_zsl 0.0112 L_aux 0.6126
Epoch: [42][10/56] loss:L_odr 0.1012 L_zsl 0.0100 L_aux 0.4892
Epoch: [42][20/56] loss:L_odr 0.2139 L_zsl 0.0099 L_aux 0.4769
Epoch: [42][30/56] loss:L_odr 0.1793 L_zsl 0.0104 L_aux 0.4874
Epoch: [42][40/56] loss:L_odr 0.2251 L_zsl 0.0096 L_aux 0.5001
Epoch: [42][50/56] loss:L_odr 0.0631 L_zsl 0.0095 L_aux 0.4289
 SS: 0.6610 UU: 0.6108 ST: 0.6208 UT: 0.3178 H: 0.4204 S_acc 0.9025 U_acc 0.4459
CLS 0.8340 S_opt: 0.6052 U_opt 0.4982 H_opt 0.5465 tau 0.1785
Epoch: [43][0/56] loss:L_odr 0.1509 L_zsl 0.0098 L_aux 0.5200
Epoch: [43][10/56] loss:L_odr 0.1008 L_zsl 0.0105 L_aux 0.5236
Epoch: [43][20/56] loss:L_odr 0.0852 L_zsl 0.0096 L_aux 0.4025
Epoch: [43][30/56] loss:L_odr 0.0974 L_zsl 0.0100 L_aux 0.4163
Epoch: [43][40/56] loss:L_odr 0.0931 L_zsl 0.0092 L_aux 0.3145
Epoch: [43][50/56] loss:L_odr 0.1928 L_zsl 0.0104 L_aux 0.4786
 SS: 0.6665 UU: 0.6139 ST: 0.6248 UT: 0.3125 H: 0.4166 S_acc 0.9019 U_acc 0.4375
CLS 0.8358 S_opt: 0.5998 U_opt 0.5046 H_opt 0.5481 tau 0.1785
Epoch: [44][0/56] loss:L_odr 0.1167 L_zsl 0.0098 L_aux 0.3384
Epoch: [44][10/56] loss:L_odr 0.1320 L_zsl 0.0106 L_aux 0.5137
Epoch: [44][20/56] loss:L_odr 0.1549 L_zsl 0.0100 L_aux 0.5278
Epoch: [44][30/56] loss:L_odr 0.2759 L_zsl 0.0097 L_aux 0.5800
Epoch: [44][40/56] loss:L_odr 0.1444 L_zsl 0.0102 L_aux 0.5254
Epoch: [44][50/56] loss:L_odr 0.1653 L_zsl 0.0100 L_aux 0.4605
 SS: 0.6632 UU: 0.6086 ST: 0.6232 UT: 0.3065 H: 0.4109 S_acc 0.9127 U_acc 0.4307
CLS 0.8370 S_opt: 0.5994 U_opt 0.5048 H_opt 0.5480 tau 0.1785
Epoch: [45][0/56] loss:L_odr 0.1855 L_zsl 0.0104 L_aux 0.6192
Epoch: [45][10/56] loss:L_odr 0.2726 L_zsl 0.0105 L_aux 0.5466
Epoch: [45][20/56] loss:L_odr 0.1433 L_zsl 0.0099 L_aux 0.6019
Epoch: [45][30/56] loss:L_odr 0.2693 L_zsl 0.0105 L_aux 0.6252
Epoch: [45][40/56] loss:L_odr 0.0757 L_zsl 0.0095 L_aux 0.2976
Epoch: [45][50/56] loss:L_odr 0.2122 L_zsl 0.0103 L_aux 0.6072
 SS: 0.6612 UU: 0.6088 ST: 0.6234 UT: 0.3029 H: 0.4077 S_acc 0.9099 U_acc 0.4223
CLS 0.8363 S_opt: 0.6047 U_opt 0.4990 H_opt 0.5468 tau 0.1785
Epoch: [46][0/56] loss:L_odr 0.0938 L_zsl 0.0095 L_aux 0.5437
Epoch: [46][10/56] loss:L_odr 0.1500 L_zsl 0.0097 L_aux 0.5002
Epoch: [46][20/56] loss:L_odr 0.1424 L_zsl 0.0100 L_aux 0.4329
Epoch: [46][30/56] loss:L_odr 0.1395 L_zsl 0.0095 L_aux 0.4436
Epoch: [46][40/56] loss:L_odr 0.1911 L_zsl 0.0095 L_aux 0.5061
Epoch: [46][50/56] loss:L_odr 0.1808 L_zsl 0.0102 L_aux 0.5545
 SS: 0.6569 UU: 0.6059 ST: 0.6159 UT: 0.3123 H: 0.4144 S_acc 0.9048 U_acc 0.4338
CLS 0.8364 S_opt: 0.5973 U_opt 0.4940 H_opt 0.5408 tau 0.1785
Epoch: [47][0/56] loss:L_odr 0.1330 L_zsl 0.0100 L_aux 0.4949
Epoch: [47][10/56] loss:L_odr 0.1346 L_zsl 0.0101 L_aux 0.4142
Epoch: [47][20/56] loss:L_odr 0.0221 L_zsl 0.0089 L_aux 0.3256
Epoch: [47][30/56] loss:L_odr 0.1328 L_zsl 0.0099 L_aux 0.3942
Epoch: [47][40/56] loss:L_odr 0.0785 L_zsl 0.0091 L_aux 0.5146
Epoch: [47][50/56] loss:L_odr 0.1610 L_zsl 0.0095 L_aux 0.4444
 SS: 0.6553 UU: 0.6105 ST: 0.6187 UT: 0.3061 H: 0.4096 S_acc 0.9053 U_acc 0.4270
CLS 0.8282 S_opt: 0.6000 U_opt 0.5008 H_opt 0.5459 tau 0.1785
Epoch: [48][0/56] loss:L_odr 0.1197 L_zsl 0.0095 L_aux 0.6155
Epoch: [48][10/56] loss:L_odr 0.2465 L_zsl 0.0096 L_aux 0.6242
Epoch: [48][20/56] loss:L_odr 0.1283 L_zsl 0.0084 L_aux 0.3805
Epoch: [48][30/56] loss:L_odr 0.2287 L_zsl 0.0102 L_aux 0.6900
Epoch: [48][40/56] loss:L_odr 0.1248 L_zsl 0.0095 L_aux 0.4826
Epoch: [48][50/56] loss:L_odr 0.0340 L_zsl 0.0081 L_aux 0.2416
 SS: 0.6553 UU: 0.6061 ST: 0.6161 UT: 0.3114 H: 0.4137 S_acc 0.9025 U_acc 0.4395
CLS 0.8289 S_opt: 0.5914 U_opt 0.5011 H_opt 0.5425 tau 0.1785
Epoch: [49][0/56] loss:L_odr 0.1164 L_zsl 0.0089 L_aux 0.3955
Epoch: [49][10/56] loss:L_odr 0.0531 L_zsl 0.0081 L_aux 0.3366
Epoch: [49][20/56] loss:L_odr 0.1240 L_zsl 0.0089 L_aux 0.5534
Epoch: [49][30/56] loss:L_odr 0.1756 L_zsl 0.0090 L_aux 0.4843
Epoch: [49][40/56] loss:L_odr 0.1533 L_zsl 0.0094 L_aux 0.5417
Epoch: [49][50/56] loss:L_odr 0.1130 L_zsl 0.0092 L_aux 0.5373
 SS: 0.6676 UU: 0.6019 ST: 0.6285 UT: 0.3165 H: 0.4210 S_acc 0.9019 U_acc 0.4496
CLS 0.8371 S_opt: 0.5948 U_opt 0.4917 H_opt 0.5384 tau 0.1785
Epoch: [50][0/56] loss:L_odr 0.0592 L_zsl 0.0086 L_aux 0.3502
Epoch: [50][10/56] loss:L_odr 0.0519 L_zsl 0.0090 L_aux 0.3962
Epoch: [50][20/56] loss:L_odr 0.2419 L_zsl 0.0098 L_aux 0.6168
Epoch: [50][30/56] loss:L_odr 0.2237 L_zsl 0.0092 L_aux 0.4589
Epoch: [50][40/56] loss:L_odr 0.1575 L_zsl 0.0089 L_aux 0.4434
Epoch: [50][50/56] loss:L_odr 0.1038 L_zsl 0.0086 L_aux 0.3452
 SS: 0.6663 UU: 0.6063 ST: 0.6258 UT: 0.3138 H: 0.4180 S_acc 0.9070 U_acc 0.4395
CLS 0.8298 S_opt: 0.6017 U_opt 0.4888 H_opt 0.5394 tau 0.1785
Epoch: [51][0/56] loss:L_odr 0.1603 L_zsl 0.0088 L_aux 0.4770
Epoch: [51][10/56] loss:L_odr 0.0885 L_zsl 0.0091 L_aux 0.4648
Epoch: [51][20/56] loss:L_odr 0.1382 L_zsl 0.0089 L_aux 0.4029
Epoch: [51][30/56] loss:L_odr 0.0869 L_zsl 0.0088 L_aux 0.3384
Epoch: [51][40/56] loss:L_odr 0.1456 L_zsl 0.0083 L_aux 0.4037
Epoch: [51][50/56] loss:L_odr 0.0548 L_zsl 0.0086 L_aux 0.3901
 SS: 0.6559 UU: 0.5988 ST: 0.6207 UT: 0.3011 H: 0.4055 S_acc 0.9053 U_acc 0.4314
CLS 0.8311 S_opt: 0.5942 U_opt 0.4812 H_opt 0.5318 tau 0.1785
Epoch: [52][0/56] loss:L_odr 0.1195 L_zsl 0.0091 L_aux 0.4141
Epoch: [52][10/56] loss:L_odr 0.1081 L_zsl 0.0083 L_aux 0.4502
Epoch: [52][20/56] loss:L_odr 0.2108 L_zsl 0.0092 L_aux 0.6694
Epoch: [52][30/56] loss:L_odr 0.0706 L_zsl 0.0080 L_aux 0.3717
Epoch: [52][40/56] loss:L_odr 0.1322 L_zsl 0.0083 L_aux 0.4084
Epoch: [52][50/56] loss:L_odr 0.0800 L_zsl 0.0087 L_aux 0.3508
 SS: 0.6591 UU: 0.6067 ST: 0.6240 UT: 0.3030 H: 0.4080 S_acc 0.9087 U_acc 0.4321
CLS 0.8341 S_opt: 0.5916 U_opt 0.4989 H_opt 0.5413 tau 0.1785
Epoch: [53][0/56] loss:L_odr 0.1526 L_zsl 0.0089 L_aux 0.5632
Epoch: [53][10/56] loss:L_odr 0.1823 L_zsl 0.0096 L_aux 0.5839
Epoch: [53][20/56] loss:L_odr 0.2214 L_zsl 0.0088 L_aux 0.5558
Epoch: [53][30/56] loss:L_odr 0.0575 L_zsl 0.0081 L_aux 0.3030
Epoch: [53][40/56] loss:L_odr 0.1038 L_zsl 0.0090 L_aux 0.4308
Epoch: [53][50/56] loss:L_odr 0.1694 L_zsl 0.0087 L_aux 0.5174
 SS: 0.6449 UU: 0.5999 ST: 0.6169 UT: 0.2880 H: 0.3927 S_acc 0.9161 U_acc 0.4004
CLS 0.8344 S_opt: 0.5941 U_opt 0.4888 H_opt 0.5363 tau 0.1785
Epoch: [54][0/56] loss:L_odr 0.0950 L_zsl 0.0087 L_aux 0.3996
Epoch: [54][10/56] loss:L_odr 0.0939 L_zsl 0.0086 L_aux 0.4783
Epoch: [54][20/56] loss:L_odr 0.1735 L_zsl 0.0090 L_aux 0.5483
Epoch: [54][30/56] loss:L_odr 0.0596 L_zsl 0.0085 L_aux 0.5491
Epoch: [54][40/56] loss:L_odr 0.0975 L_zsl 0.0086 L_aux 0.4483
Epoch: [54][50/56] loss:L_odr 0.1587 L_zsl 0.0088 L_aux 0.4727
 SS: 0.6528 UU: 0.6105 ST: 0.6105 UT: 0.3135 H: 0.4143 S_acc 0.8951 U_acc 0.4375
CLS 0.8325 S_opt: 0.5935 U_opt 0.4878 H_opt 0.5355 tau 0.1785
Epoch: [55][0/56] loss:L_odr 0.1469 L_zsl 0.0087 L_aux 0.4146
Epoch: [55][10/56] loss:L_odr 0.0857 L_zsl 0.0084 L_aux 0.3794
Epoch: [55][20/56] loss:L_odr 0.2501 L_zsl 0.0087 L_aux 0.7600
Epoch: [55][30/56] loss:L_odr 0.0255 L_zsl 0.0080 L_aux 0.3447
Epoch: [55][40/56] loss:L_odr 0.1842 L_zsl 0.0081 L_aux 0.6008
Epoch: [55][50/56] loss:L_odr 0.0956 L_zsl 0.0086 L_aux 0.4388
 SS: 0.6603 UU: 0.6008 ST: 0.6238 UT: 0.3070 H: 0.4114 S_acc 0.9127 U_acc 0.4260
CLS 0.8295 S_opt: 0.5891 U_opt 0.4960 H_opt 0.5385 tau 0.1785
Epoch: [56][0/56] loss:L_odr 0.0546 L_zsl 0.0078 L_aux 0.3487
Epoch: [56][10/56] loss:L_odr 0.1206 L_zsl 0.0073 L_aux 0.3567
Epoch: [56][20/56] loss:L_odr 0.1524 L_zsl 0.0082 L_aux 0.6339
Epoch: [56][30/56] loss:L_odr 0.0675 L_zsl 0.0078 L_aux 0.4067
Epoch: [56][40/56] loss:L_odr 0.1488 L_zsl 0.0083 L_aux 0.4674
Epoch: [56][50/56] loss:L_odr 0.1200 L_zsl 0.0081 L_aux 0.4376
 SS: 0.6508 UU: 0.5993 ST: 0.6108 UT: 0.2976 H: 0.4002 S_acc 0.9087 U_acc 0.4162
CLS 0.8336 S_opt: 0.5962 U_opt 0.4948 H_opt 0.5408 tau 0.1785
Epoch: [57][0/56] loss:L_odr 0.1655 L_zsl 0.0088 L_aux 0.5315
Epoch: [57][10/56] loss:L_odr 0.1787 L_zsl 0.0081 L_aux 0.4838
Epoch: [57][20/56] loss:L_odr 0.0987 L_zsl 0.0085 L_aux 0.4737
Epoch: [57][30/56] loss:L_odr 0.1674 L_zsl 0.0088 L_aux 0.5912
Epoch: [57][40/56] loss:L_odr 0.1784 L_zsl 0.0084 L_aux 0.5124
Epoch: [57][50/56] loss:L_odr 0.1141 L_zsl 0.0081 L_aux 0.4921
 SS: 0.6608 UU: 0.6034 ST: 0.6187 UT: 0.3032 H: 0.4070 S_acc 0.8997 U_acc 0.4237
CLS 0.8328 S_opt: 0.5929 U_opt 0.4982 H_opt 0.5414 tau 0.1785
Epoch: [58][0/56] loss:L_odr 0.1123 L_zsl 0.0081 L_aux 0.4195
Epoch: [58][10/56] loss:L_odr 0.1118 L_zsl 0.0085 L_aux 0.3666
Epoch: [58][20/56] loss:L_odr 0.1119 L_zsl 0.0083 L_aux 0.4669
Epoch: [58][30/56] loss:L_odr 0.1326 L_zsl 0.0084 L_aux 0.4304
Epoch: [58][40/56] loss:L_odr 0.1509 L_zsl 0.0083 L_aux 0.3785
Epoch: [58][50/56] loss:L_odr 0.1339 L_zsl 0.0085 L_aux 0.4304
 SS: 0.6537 UU: 0.6077 ST: 0.6157 UT: 0.2993 H: 0.4028 S_acc 0.9053 U_acc 0.4237
CLS 0.8314 S_opt: 0.6009 U_opt 0.5057 H_opt 0.5492 tau 0.1785
Epoch: [59][0/56] loss:L_odr 0.1215 L_zsl 0.0081 L_aux 0.4569
Epoch: [59][10/56] loss:L_odr 0.1384 L_zsl 0.0082 L_aux 0.5902
Epoch: [59][20/56] loss:L_odr 0.2456 L_zsl 0.0087 L_aux 0.5857
Epoch: [59][30/56] loss:L_odr 0.1567 L_zsl 0.0085 L_aux 0.4303
Epoch: [59][40/56] loss:L_odr 0.1259 L_zsl 0.0081 L_aux 0.3801
Epoch: [59][50/56] loss:L_odr 0.1877 L_zsl 0.0076 L_aux 0.4958
 SS: 0.6544 UU: 0.6004 ST: 0.6151 UT: 0.3066 H: 0.4092 S_acc 0.9019 U_acc 0.4307
CLS 0.8259 S_opt: 0.5949 U_opt 0.4842 H_opt 0.5338 tau 0.1785
Epoch: [60][0/56] loss:L_odr 0.1919 L_zsl 0.0082 L_aux 0.5921
Epoch: [60][10/56] loss:L_odr 0.1393 L_zsl 0.0085 L_aux 0.5725
Epoch: [60][20/56] loss:L_odr 0.0507 L_zsl 0.0079 L_aux 0.3064
Epoch: [60][30/56] loss:L_odr 0.2154 L_zsl 0.0084 L_aux 0.5751
Epoch: [60][40/56] loss:L_odr 0.1242 L_zsl 0.0079 L_aux 0.5248
Epoch: [60][50/56] loss:L_odr 0.1186 L_zsl 0.0082 L_aux 0.4269
 SS: 0.6598 UU: 0.6039 ST: 0.6260 UT: 0.3015 H: 0.4070 S_acc 0.9121 U_acc 0.4257
CLS 0.8274 S_opt: 0.5946 U_opt 0.4869 H_opt 0.5354 tau 0.1785
Epoch: [61][0/56] loss:L_odr 0.1925 L_zsl 0.0080 L_aux 0.4960
Epoch: [61][10/56] loss:L_odr 0.0385 L_zsl 0.0075 L_aux 0.4404
Epoch: [61][20/56] loss:L_odr 0.1062 L_zsl 0.0078 L_aux 0.4797
Epoch: [61][30/56] loss:L_odr 0.0513 L_zsl 0.0073 L_aux 0.2887
Epoch: [61][40/56] loss:L_odr 0.2028 L_zsl 0.0084 L_aux 0.5576
Epoch: [61][50/56] loss:L_odr 0.3604 L_zsl 0.0083 L_aux 0.6202
 SS: 0.6622 UU: 0.6035 ST: 0.6231 UT: 0.3076 H: 0.4118 S_acc 0.9065 U_acc 0.4334
CLS 0.8299 S_opt: 0.5991 U_opt 0.4877 H_opt 0.5377 tau 0.1785
Epoch: [62][0/56] loss:L_odr 0.0842 L_zsl 0.0077 L_aux 0.3460
Epoch: [62][10/56] loss:L_odr 0.2752 L_zsl 0.0088 L_aux 0.6157
Epoch: [62][20/56] loss:L_odr 0.0819 L_zsl 0.0075 L_aux 0.4358
Epoch: [62][30/56] loss:L_odr 0.0081 L_zsl 0.0070 L_aux 0.2523
Epoch: [62][40/56] loss:L_odr 0.1544 L_zsl 0.0082 L_aux 0.4268
Epoch: [62][50/56] loss:L_odr 0.1351 L_zsl 0.0074 L_aux 0.4304
 SS: 0.6588 UU: 0.6015 ST: 0.6208 UT: 0.3026 H: 0.4068 S_acc 0.9065 U_acc 0.4267
CLS 0.8314 S_opt: 0.5994 U_opt 0.4869 H_opt 0.5373 tau 0.1785
Epoch: [63][0/56] loss:L_odr 0.1596 L_zsl 0.0083 L_aux 0.3777
Epoch: [63][10/56] loss:L_odr 0.0705 L_zsl 0.0080 L_aux 0.3554
Epoch: [63][20/56] loss:L_odr 0.1941 L_zsl 0.0085 L_aux 0.5531
Epoch: [63][30/56] loss:L_odr 0.1447 L_zsl 0.0084 L_aux 0.5888
Epoch: [63][40/56] loss:L_odr 0.0374 L_zsl 0.0074 L_aux 0.4916
Epoch: [63][50/56] loss:L_odr 0.0194 L_zsl 0.0073 L_aux 0.2110
 SS: 0.6639 UU: 0.6018 ST: 0.6248 UT: 0.3045 H: 0.4094 S_acc 0.9076 U_acc 0.4260
CLS 0.8321 S_opt: 0.5999 U_opt 0.4861 H_opt 0.5370 tau 0.1785
Epoch: [64][0/56] loss:L_odr 0.1342 L_zsl 0.0073 L_aux 0.4029
Epoch: [64][10/56] loss:L_odr 0.0590 L_zsl 0.0074 L_aux 0.3644
Epoch: [64][20/56] loss:L_odr 0.0814 L_zsl 0.0078 L_aux 0.3984
Epoch: [64][30/56] loss:L_odr 0.1616 L_zsl 0.0080 L_aux 0.3935
Epoch: [64][40/56] loss:L_odr 0.1063 L_zsl 0.0088 L_aux 0.4365
Epoch: [64][50/56] loss:L_odr 0.0183 L_zsl 0.0075 L_aux 0.2434
 SS: 0.6616 UU: 0.6003 ST: 0.6279 UT: 0.3068 H: 0.4122 S_acc 0.9093 U_acc 0.4297
CLS 0.8325 S_opt: 0.5997 U_opt 0.4862 H_opt 0.5370 tau 0.1785
Epoch: [65][0/56] loss:L_odr 0.0700 L_zsl 0.0076 L_aux 0.3683
Epoch: [65][10/56] loss:L_odr 0.0391 L_zsl 0.0073 L_aux 0.2766
Epoch: [65][20/56] loss:L_odr 0.1139 L_zsl 0.0077 L_aux 0.3524
Epoch: [65][30/56] loss:L_odr 0.1551 L_zsl 0.0076 L_aux 0.4161
Epoch: [65][40/56] loss:L_odr 0.0912 L_zsl 0.0084 L_aux 0.3995
Epoch: [65][50/56] loss:L_odr 0.0460 L_zsl 0.0071 L_aux 0.3211
 SS: 0.6598 UU: 0.6021 ST: 0.6245 UT: 0.3064 H: 0.4111 S_acc 0.9087 U_acc 0.4297
CLS 0.8345 S_opt: 0.5985 U_opt 0.4883 H_opt 0.5378 tau 0.1785
Epoch: [66][0/56] loss:L_odr 0.1553 L_zsl 0.0073 L_aux 0.4861
Epoch: [66][10/56] loss:L_odr 0.0069 L_zsl 0.0076 L_aux 0.2826
Epoch: [66][20/56] loss:L_odr 0.1378 L_zsl 0.0073 L_aux 0.5091
Epoch: [66][30/56] loss:L_odr 0.1511 L_zsl 0.0081 L_aux 0.4605
Epoch: [66][40/56] loss:L_odr 0.1173 L_zsl 0.0083 L_aux 0.3428
Epoch: [66][50/56] loss:L_odr 0.1551 L_zsl 0.0077 L_aux 0.5546
 SS: 0.6581 UU: 0.6026 ST: 0.6227 UT: 0.3043 H: 0.4088 S_acc 0.9065 U_acc 0.4291
CLS 0.8370 S_opt: 0.5984 U_opt 0.4919 H_opt 0.5400 tau 0.1785
Epoch: [67][0/56] loss:L_odr 0.1871 L_zsl 0.0083 L_aux 0.5350
Epoch: [67][10/56] loss:L_odr 0.0992 L_zsl 0.0074 L_aux 0.3644
Epoch: [67][20/56] loss:L_odr 0.1370 L_zsl 0.0081 L_aux 0.4721
Epoch: [67][30/56] loss:L_odr 0.1079 L_zsl 0.0080 L_aux 0.4934
Epoch: [67][40/56] loss:L_odr 0.1112 L_zsl 0.0077 L_aux 0.5564
Epoch: [67][50/56] loss:L_odr 0.0584 L_zsl 0.0076 L_aux 0.3496
 SS: 0.6546 UU: 0.6037 ST: 0.6217 UT: 0.3026 H: 0.4071 S_acc 0.9087 U_acc 0.4267
CLS 0.8370 S_opt: 0.5953 U_opt 0.4933 H_opt 0.5395 tau 0.1785
Epoch: [68][0/56] loss:L_odr 0.0694 L_zsl 0.0072 L_aux 0.2586
Epoch: [68][10/56] loss:L_odr 0.1337 L_zsl 0.0072 L_aux 0.3391
Epoch: [68][20/56] loss:L_odr 0.0317 L_zsl 0.0067 L_aux 0.3010
Epoch: [68][30/56] loss:L_odr 0.1475 L_zsl 0.0083 L_aux 0.4845
Epoch: [68][40/56] loss:L_odr 0.0886 L_zsl 0.0073 L_aux 0.3432
Epoch: [68][50/56] loss:L_odr 0.1208 L_zsl 0.0080 L_aux 0.4554
 SS: 0.6568 UU: 0.6017 ST: 0.6244 UT: 0.3055 H: 0.4102 S_acc 0.9087 U_acc 0.4307
CLS 0.8384 S_opt: 0.5981 U_opt 0.4923 H_opt 0.5401 tau 0.1785
Epoch: [69][0/56] loss:L_odr 0.1482 L_zsl 0.0086 L_aux 0.5566
Epoch: [69][10/56] loss:L_odr 0.0448 L_zsl 0.0077 L_aux 0.3692
Epoch: [69][20/56] loss:L_odr 0.1433 L_zsl 0.0080 L_aux 0.4367
Epoch: [69][30/56] loss:L_odr 0.0792 L_zsl 0.0075 L_aux 0.3678
Epoch: [69][40/56] loss:L_odr 0.0591 L_zsl 0.0073 L_aux 0.3363
Epoch: [69][50/56] loss:L_odr 0.0057 L_zsl 0.0072 L_aux 0.2839
 SS: 0.6541 UU: 0.5973 ST: 0.6178 UT: 0.2994 H: 0.4034 S_acc 0.9076 U_acc 0.4264
CLS 0.8395 S_opt: 0.5963 U_opt 0.4898 H_opt 0.5378 tau 0.1785
Epoch: [70][0/56] loss:L_odr 0.1529 L_zsl 0.0077 L_aux 0.3681
Epoch: [70][10/56] loss:L_odr 0.1234 L_zsl 0.0078 L_aux 0.3580
Epoch: [70][20/56] loss:L_odr 0.0580 L_zsl 0.0081 L_aux 0.4553
Epoch: [70][30/56] loss:L_odr 0.1178 L_zsl 0.0081 L_aux 0.4751
Epoch: [70][40/56] loss:L_odr 0.0950 L_zsl 0.0075 L_aux 0.3722
Epoch: [70][50/56] loss:L_odr 0.0660 L_zsl 0.0076 L_aux 0.2844
 SS: 0.6559 UU: 0.5978 ST: 0.6185 UT: 0.3019 H: 0.4058 S_acc 0.9104 U_acc 0.4304
CLS 0.8392 S_opt: 0.5970 U_opt 0.4899 H_opt 0.5382 tau 0.1785
Epoch: [71][0/56] loss:L_odr 0.1594 L_zsl 0.0081 L_aux 0.4564
Epoch: [71][10/56] loss:L_odr 0.0985 L_zsl 0.0080 L_aux 0.4199
Epoch: [71][20/56] loss:L_odr 0.0968 L_zsl 0.0072 L_aux 0.3676
Epoch: [71][30/56] loss:L_odr 0.1651 L_zsl 0.0079 L_aux 0.4377
Epoch: [71][40/56] loss:L_odr 0.2735 L_zsl 0.0084 L_aux 0.4790
Epoch: [71][50/56] loss:L_odr 0.1517 L_zsl 0.0076 L_aux 0.3990
 SS: 0.6563 UU: 0.6017 ST: 0.6210 UT: 0.3026 H: 0.4069 S_acc 0.9065 U_acc 0.4270
CLS 0.8386 S_opt: 0.6019 U_opt 0.4942 H_opt 0.5427 tau 0.1785
Epoch: [72][0/56] loss:L_odr 0.1090 L_zsl 0.0081 L_aux 0.3250
Epoch: [72][10/56] loss:L_odr 0.0803 L_zsl 0.0080 L_aux 0.4417
Epoch: [72][20/56] loss:L_odr 0.0604 L_zsl 0.0073 L_aux 0.3078
Epoch: [72][30/56] loss:L_odr 0.0793 L_zsl 0.0076 L_aux 0.3966
Epoch: [72][40/56] loss:L_odr 0.2243 L_zsl 0.0083 L_aux 0.5631
Epoch: [72][50/56] loss:L_odr 0.1371 L_zsl 0.0085 L_aux 0.3774
 SS: 0.6553 UU: 0.5973 ST: 0.6178 UT: 0.3026 H: 0.4062 S_acc 0.9059 U_acc 0.4287
CLS 0.8401 S_opt: 0.6022 U_opt 0.4898 H_opt 0.5402 tau 0.1785
Epoch: [73][0/56] loss:L_odr 0.1664 L_zsl 0.0071 L_aux 0.5486
Epoch: [73][10/56] loss:L_odr 0.0985 L_zsl 0.0071 L_aux 0.3123
Epoch: [73][20/56] loss:L_odr 0.1476 L_zsl 0.0080 L_aux 0.3707
Epoch: [73][30/56] loss:L_odr 0.0519 L_zsl 0.0074 L_aux 0.3695
Epoch: [73][40/56] loss:L_odr 0.0873 L_zsl 0.0082 L_aux 0.4101
Epoch: [73][50/56] loss:L_odr 0.0914 L_zsl 0.0075 L_aux 0.3827
 SS: 0.6531 UU: 0.5987 ST: 0.6190 UT: 0.3027 H: 0.4066 S_acc 0.9070 U_acc 0.4294
CLS 0.8380 S_opt: 0.6045 U_opt 0.4913 H_opt 0.5420 tau 0.1785
Epoch: [74][0/56] loss:L_odr 0.1046 L_zsl 0.0070 L_aux 0.3602
Epoch: [74][10/56] loss:L_odr 0.1116 L_zsl 0.0074 L_aux 0.4192
Epoch: [74][20/56] loss:L_odr 0.1296 L_zsl 0.0078 L_aux 0.3607
Epoch: [74][30/56] loss:L_odr 0.0824 L_zsl 0.0073 L_aux 0.3750
Epoch: [74][40/56] loss:L_odr 0.1412 L_zsl 0.0076 L_aux 0.4142
Epoch: [74][50/56] loss:L_odr 0.1152 L_zsl 0.0077 L_aux 0.3571
 SS: 0.6594 UU: 0.5963 ST: 0.6219 UT: 0.3017 H: 0.4063 S_acc 0.9076 U_acc 0.4270
CLS 0.8387 S_opt: 0.6042 U_opt 0.4889 H_opt 0.5405 tau 0.1785
Epoch: [75][0/56] loss:L_odr 0.1780 L_zsl 0.0076 L_aux 0.4647
Epoch: [75][10/56] loss:L_odr 0.1141 L_zsl 0.0083 L_aux 0.3792
Epoch: [75][20/56] loss:L_odr 0.0790 L_zsl 0.0076 L_aux 0.3252
Epoch: [75][30/56] loss:L_odr 0.1204 L_zsl 0.0075 L_aux 0.3987
Epoch: [75][40/56] loss:L_odr 0.2287 L_zsl 0.0081 L_aux 0.5252
Epoch: [75][50/56] loss:L_odr 0.0556 L_zsl 0.0071 L_aux 0.3130
 SS: 0.6573 UU: 0.6000 ST: 0.6217 UT: 0.3023 H: 0.4068 S_acc 0.9099 U_acc 0.4280
CLS 0.8383 S_opt: 0.6054 U_opt 0.4949 H_opt 0.5446 tau 0.1785
Epoch: [76][0/56] loss:L_odr 0.0705 L_zsl 0.0077 L_aux 0.4039
Epoch: [76][10/56] loss:L_odr 0.0241 L_zsl 0.0075 L_aux 0.2870
Epoch: [76][20/56] loss:L_odr 0.0632 L_zsl 0.0074 L_aux 0.2864
Epoch: [76][30/56] loss:L_odr 0.0585 L_zsl 0.0076 L_aux 0.4226
Epoch: [76][40/56] loss:L_odr 0.0659 L_zsl 0.0082 L_aux 0.4639
Epoch: [76][50/56] loss:L_odr 0.1051 L_zsl 0.0080 L_aux 0.4170
 SS: 0.6558 UU: 0.5956 ST: 0.6185 UT: 0.3001 H: 0.4042 S_acc 0.9082 U_acc 0.4267
CLS 0.8408 S_opt: 0.6043 U_opt 0.4935 H_opt 0.5433 tau 0.1785
Epoch: [77][0/56] loss:L_odr 0.0959 L_zsl 0.0079 L_aux 0.4268
Epoch: [77][10/56] loss:L_odr 0.1132 L_zsl 0.0072 L_aux 0.3450
Epoch: [77][20/56] loss:L_odr 0.1053 L_zsl 0.0080 L_aux 0.3861
Epoch: [77][30/56] loss:L_odr 0.1801 L_zsl 0.0081 L_aux 0.6051
Epoch: [77][40/56] loss:L_odr 0.0666 L_zsl 0.0070 L_aux 0.3096
Epoch: [77][50/56] loss:L_odr 0.1078 L_zsl 0.0075 L_aux 0.5217
 SS: 0.6583 UU: 0.6003 ST: 0.6214 UT: 0.2999 H: 0.4046 S_acc 0.9082 U_acc 0.4220
CLS 0.8399 S_opt: 0.6057 U_opt 0.4980 H_opt 0.5466 tau 0.1785
Epoch: [78][0/56] loss:L_odr 0.2082 L_zsl 0.0079 L_aux 0.4497
Epoch: [78][10/56] loss:L_odr 0.0468 L_zsl 0.0079 L_aux 0.2813
Epoch: [78][20/56] loss:L_odr 0.0651 L_zsl 0.0076 L_aux 0.4343
Epoch: [78][30/56] loss:L_odr 0.1392 L_zsl 0.0084 L_aux 0.5518
Epoch: [78][40/56] loss:L_odr 0.1271 L_zsl 0.0075 L_aux 0.3717
Epoch: [78][50/56] loss:L_odr 0.0423 L_zsl 0.0075 L_aux 0.3170
 SS: 0.6607 UU: 0.5996 ST: 0.6231 UT: 0.3033 H: 0.4080 S_acc 0.9076 U_acc 0.4301
CLS 0.8421 S_opt: 0.6013 U_opt 0.4956 H_opt 0.5433 tau 0.1785
Epoch: [79][0/56] loss:L_odr 0.2296 L_zsl 0.0079 L_aux 0.5036
Epoch: [79][10/56] loss:L_odr 0.0880 L_zsl 0.0081 L_aux 0.3233
Epoch: [79][20/56] loss:L_odr 0.1838 L_zsl 0.0074 L_aux 0.4500
Epoch: [79][30/56] loss:L_odr 0.1790 L_zsl 0.0090 L_aux 0.4607
Epoch: [79][40/56] loss:L_odr 0.0336 L_zsl 0.0075 L_aux 0.3430
Epoch: [79][50/56] loss:L_odr 0.0403 L_zsl 0.0077 L_aux 0.3729
 SS: 0.6601 UU: 0.6002 ST: 0.6232 UT: 0.3054 H: 0.4099 S_acc 0.9093 U_acc 0.4314
CLS 0.8405 S_opt: 0.5999 U_opt 0.4964 H_opt 0.5432 tau 0.1785
Epoch: [80][0/56] loss:L_odr 0.1777 L_zsl 0.0076 L_aux 0.4527
Epoch: [80][10/56] loss:L_odr 0.1425 L_zsl 0.0071 L_aux 0.4251
Epoch: [80][20/56] loss:L_odr 0.0923 L_zsl 0.0079 L_aux 0.3870
Epoch: [80][30/56] loss:L_odr 0.1358 L_zsl 0.0077 L_aux 0.4526
Epoch: [80][40/56] loss:L_odr 0.0856 L_zsl 0.0079 L_aux 0.3588
Epoch: [80][50/56] loss:L_odr 0.0665 L_zsl 0.0074 L_aux 0.4360
 SS: 0.6600 UU: 0.5993 ST: 0.6206 UT: 0.3003 H: 0.4047 S_acc 0.9099 U_acc 0.4247
CLS 0.8400 S_opt: 0.6008 U_opt 0.4948 H_opt 0.5427 tau 0.1785
Epoch: [81][0/56] loss:L_odr 0.0429 L_zsl 0.0077 L_aux 0.3196
Epoch: [81][10/56] loss:L_odr 0.1721 L_zsl 0.0082 L_aux 0.4816
Epoch: [81][20/56] loss:L_odr 0.1873 L_zsl 0.0082 L_aux 0.4166
Epoch: [81][30/56] loss:L_odr 0.1036 L_zsl 0.0076 L_aux 0.3232
Epoch: [81][40/56] loss:L_odr 0.1973 L_zsl 0.0079 L_aux 0.6014
Epoch: [81][50/56] loss:L_odr 0.1481 L_zsl 0.0075 L_aux 0.4916
 SS: 0.6592 UU: 0.5982 ST: 0.6229 UT: 0.2990 H: 0.4040 S_acc 0.9082 U_acc 0.4260
CLS 0.8407 S_opt: 0.6001 U_opt 0.4932 H_opt 0.5414 tau 0.1785
Epoch: [82][0/56] loss:L_odr 0.0761 L_zsl 0.0077 L_aux 0.3391
Epoch: [82][10/56] loss:L_odr 0.0550 L_zsl 0.0078 L_aux 0.3577
Epoch: [82][20/56] loss:L_odr 0.0898 L_zsl 0.0074 L_aux 0.2916
Epoch: [82][30/56] loss:L_odr 0.1355 L_zsl 0.0081 L_aux 0.4343
Epoch: [82][40/56] loss:L_odr 0.1158 L_zsl 0.0077 L_aux 0.3665
Epoch: [82][50/56] loss:L_odr 0.0861 L_zsl 0.0077 L_aux 0.3769
 SS: 0.6566 UU: 0.6000 ST: 0.6179 UT: 0.2963 H: 0.4005 S_acc 0.9070 U_acc 0.4216
CLS 0.8390 S_opt: 0.5971 U_opt 0.4932 H_opt 0.5402 tau 0.1785
Epoch: [83][0/56] loss:L_odr 0.1928 L_zsl 0.0081 L_aux 0.4265
Epoch: [83][10/56] loss:L_odr 0.0672 L_zsl 0.0087 L_aux 0.4533
Epoch: [83][20/56] loss:L_odr 0.1215 L_zsl 0.0080 L_aux 0.4643
Epoch: [83][30/56] loss:L_odr 0.0441 L_zsl 0.0069 L_aux 0.2562
Epoch: [83][40/56] loss:L_odr 0.1925 L_zsl 0.0080 L_aux 0.4950
Epoch: [83][50/56] loss:L_odr 0.1285 L_zsl 0.0072 L_aux 0.3361
 SS: 0.6551 UU: 0.5962 ST: 0.6176 UT: 0.2973 H: 0.4014 S_acc 0.9093 U_acc 0.4213
CLS 0.8385 S_opt: 0.5977 U_opt 0.4888 H_opt 0.5378 tau 0.1785
Epoch: [84][0/56] loss:L_odr 0.1224 L_zsl 0.0079 L_aux 0.3947
Epoch: [84][10/56] loss:L_odr 0.1212 L_zsl 0.0077 L_aux 0.4167
Epoch: [84][20/56] loss:L_odr 0.1181 L_zsl 0.0079 L_aux 0.4242
Epoch: [84][30/56] loss:L_odr 0.0267 L_zsl 0.0080 L_aux 0.2826
Epoch: [84][40/56] loss:L_odr 0.1053 L_zsl 0.0082 L_aux 0.4782
Epoch: [84][50/56] loss:L_odr 0.1102 L_zsl 0.0079 L_aux 0.4007
 SS: 0.6570 UU: 0.5954 ST: 0.6195 UT: 0.2976 H: 0.4020 S_acc 0.9059 U_acc 0.4247
CLS 0.8385 S_opt: 0.6002 U_opt 0.4887 H_opt 0.5387 tau 0.1785
Epoch: [85][0/56] loss:L_odr 0.0525 L_zsl 0.0081 L_aux 0.4222
Epoch: [85][10/56] loss:L_odr 0.0359 L_zsl 0.0075 L_aux 0.5161
Epoch: [85][20/56] loss:L_odr 0.1076 L_zsl 0.0076 L_aux 0.4393
Epoch: [85][30/56] loss:L_odr 0.0626 L_zsl 0.0074 L_aux 0.2616
Epoch: [85][40/56] loss:L_odr 0.1578 L_zsl 0.0085 L_aux 0.4491
Epoch: [85][50/56] loss:L_odr 0.1750 L_zsl 0.0078 L_aux 0.4014
 SS: 0.6565 UU: 0.5978 ST: 0.6186 UT: 0.2959 H: 0.4004 S_acc 0.9053 U_acc 0.4216
CLS 0.8351 S_opt: 0.5986 U_opt 0.4887 H_opt 0.5381 tau 0.1785
Epoch: [86][0/56] loss:L_odr 0.0548 L_zsl 0.0074 L_aux 0.3033
Epoch: [86][10/56] loss:L_odr 0.1015 L_zsl 0.0080 L_aux 0.4032
Epoch: [86][20/56] loss:L_odr 0.0852 L_zsl 0.0084 L_aux 0.4419
Epoch: [86][30/56] loss:L_odr 0.0797 L_zsl 0.0072 L_aux 0.3097
Epoch: [86][40/56] loss:L_odr 0.1465 L_zsl 0.0081 L_aux 0.4181
Epoch: [86][50/56] loss:L_odr 0.1329 L_zsl 0.0077 L_aux 0.4421
 SS: 0.6558 UU: 0.5994 ST: 0.6150 UT: 0.2988 H: 0.4022 S_acc 0.9053 U_acc 0.4247
CLS 0.8390 S_opt: 0.6025 U_opt 0.4893 H_opt 0.5400 tau 0.1785
Epoch: [87][0/56] loss:L_odr 0.0999 L_zsl 0.0080 L_aux 0.3349
Epoch: [87][10/56] loss:L_odr 0.0758 L_zsl 0.0082 L_aux 0.3417
Epoch: [87][20/56] loss:L_odr 0.0825 L_zsl 0.0075 L_aux 0.2382
Epoch: [87][30/56] loss:L_odr 0.1535 L_zsl 0.0074 L_aux 0.4289
Epoch: [87][40/56] loss:L_odr 0.1010 L_zsl 0.0071 L_aux 0.3250
Epoch: [87][50/56] loss:L_odr 0.0385 L_zsl 0.0070 L_aux 0.3116
 SS: 0.6598 UU: 0.5964 ST: 0.6256 UT: 0.2995 H: 0.4051 S_acc 0.9087 U_acc 0.4230
CLS 0.8387 S_opt: 0.6022 U_opt 0.4870 H_opt 0.5385 tau 0.1785
Epoch: [88][0/56] loss:L_odr 0.2079 L_zsl 0.0078 L_aux 0.5266
Epoch: [88][10/56] loss:L_odr 0.1402 L_zsl 0.0075 L_aux 0.4596
Epoch: [88][20/56] loss:L_odr 0.0745 L_zsl 0.0075 L_aux 0.4042
Epoch: [88][30/56] loss:L_odr 0.0999 L_zsl 0.0083 L_aux 0.4227
Epoch: [88][40/56] loss:L_odr 0.1573 L_zsl 0.0083 L_aux 0.6090
Epoch: [88][50/56] loss:L_odr 0.1094 L_zsl 0.0069 L_aux 0.3686
 SS: 0.6603 UU: 0.5956 ST: 0.6234 UT: 0.2997 H: 0.4048 S_acc 0.9087 U_acc 0.4257
CLS 0.8420 S_opt: 0.6016 U_opt 0.4886 H_opt 0.5393 tau 0.1785
Epoch: [89][0/56] loss:L_odr 0.0959 L_zsl 0.0076 L_aux 0.3613
Epoch: [89][10/56] loss:L_odr 0.1229 L_zsl 0.0080 L_aux 0.3643
Epoch: [89][20/56] loss:L_odr 0.1840 L_zsl 0.0081 L_aux 0.5130
Epoch: [89][30/56] loss:L_odr 0.1283 L_zsl 0.0083 L_aux 0.5129
Epoch: [89][40/56] loss:L_odr 0.2178 L_zsl 0.0084 L_aux 0.6318
Epoch: [89][50/56] loss:L_odr 0.1581 L_zsl 0.0076 L_aux 0.5095
 SS: 0.6549 UU: 0.5978 ST: 0.6167 UT: 0.2982 H: 0.4020 S_acc 0.9076 U_acc 0.4220
CLS 0.8394 S_opt: 0.5999 U_opt 0.4904 H_opt 0.5397 tau 0.1785
